<?xml version="1.0" encoding="UTF-8"?>
<coverage generated="1708990910265" clover="3.2.0">
  <project timestamp="1708990910265" name="All files">
    <metrics statements="86" coveredstatements="82" conditionals="6" coveredconditionals="5" methods="45" coveredmethods="41" elements="137" coveredelements="128" complexity="0" loc="86" ncloc="86" packages="2" files="7" classes="7"/>
    <package name="modules">
      <metrics statements="13" coveredstatements="13" conditionals="2" coveredconditionals="2" methods="1" coveredmethods="1"/>
      <file name="index.ts" path="C:\Users\adnen\OneDrive\Desktop\2024\Typescript-projects\Typescript-TDD\src\modules\index.ts">
        <metrics statements="13" coveredstatements="13" conditionals="2" coveredconditionals="2" methods="1" coveredmethods="1"/>
        <line num="1" count="6" type="stmt"/>
        <line num="2" count="6" type="stmt"/>
        <line num="3" count="6" type="stmt"/>
        <line num="4" count="6" type="stmt"/>
        <line num="5" count="6" type="stmt"/>
        <line num="6" count="6" type="stmt"/>
        <line num="11" count="6" type="cond" truecount="2" falsecount="0"/>
        <line num="15" count="6" type="stmt"/>
        <line num="16" count="6" type="stmt"/>
        <line num="17" count="6" type="stmt"/>
        <line num="18" count="6" type="stmt"/>
        <line num="19" count="6" type="stmt"/>
        <line num="20" count="6" type="stmt"/>
      </file>
    </package>
    <package name="modules.utils">
      <metrics statements="73" coveredstatements="69" conditionals="4" coveredconditionals="3" methods="44" coveredmethods="40"/>
      <file name="Array.ts" path="C:\Users\adnen\OneDrive\Desktop\2024\Typescript-projects\Typescript-TDD\src\modules\utils\Array.ts">
        <metrics statements="18" coveredstatements="17" conditionals="2" coveredconditionals="2" methods="4" coveredmethods="3"/>
        <line num="9" count="0" type="stmt"/>
        <line num="13" count="1" type="stmt"/>
        <line num="14" count="1" type="stmt"/>
        <line num="15" count="3" type="stmt"/>
        <line num="17" count="1" type="stmt"/>
        <line num="32" count="1" type="stmt"/>
        <line num="33" count="1" type="stmt"/>
        <line num="34" count="5" type="cond" truecount="1" falsecount="0"/>
        <line num="35" count="2" type="stmt"/>
        <line num="38" count="1" type="stmt"/>
        <line num="56" count="1" type="stmt"/>
        <line num="57" count="1" type="stmt"/>
        <line num="58" count="3" type="stmt"/>
        <line num="59" count="3" type="cond" truecount="1" falsecount="0"/>
        <line num="60" count="2" type="stmt"/>
        <line num="62" count="3" type="stmt"/>
        <line num="64" count="1" type="stmt"/>
        <line num="68" count="6" type="stmt"/>
      </file>
      <file name="Math.ts" path="C:\Users\adnen\OneDrive\Desktop\2024\Typescript-projects\Typescript-TDD\src\modules\utils\Math.ts">
        <metrics statements="12" coveredstatements="11" conditionals="1" coveredconditionals="0" methods="5" coveredmethods="4"/>
        <line num="1" count="6" type="stmt"/>
        <line num="28" count="6" type="stmt"/>
        <line num="29" count="2" type="cond" truecount="0" falsecount="1"/>
        <line num="31" count="2" type="stmt"/>
        <line num="32" count="2" type="stmt"/>
        <line num="33" count="2" type="stmt"/>
        <line num="35" count="2" type="stmt"/>
        <line num="45" count="0" type="stmt"/>
        <line num="55" count="2" type="stmt"/>
        <line num="74" count="2" type="stmt"/>
        <line num="87" count="1" type="stmt"/>
        <line num="93" count="6" type="stmt"/>
      </file>
      <file name="Object.ts" path="C:\Users\adnen\OneDrive\Desktop\2024\Typescript-projects\Typescript-TDD\src\modules\utils\Object.ts">
        <metrics statements="6" coveredstatements="6" conditionals="0" coveredconditionals="0" methods="5" coveredmethods="5"/>
        <line num="13" count="1" type="stmt"/>
        <line num="25" count="1" type="stmt"/>
        <line num="35" count="4" type="stmt"/>
        <line num="49" count="2" type="stmt"/>
        <line num="62" count="2" type="stmt"/>
        <line num="68" count="6" type="stmt"/>
      </file>
      <file name="Queue.ts" path="C:\Users\adnen\OneDrive\Desktop\2024\Typescript-projects\Typescript-TDD\src\modules\utils\Queue.ts">
        <metrics statements="7" coveredstatements="7" conditionals="0" coveredconditionals="0" methods="6" coveredmethods="6"/>
        <line num="7" count="4" type="stmt"/>
        <line num="12" count="9" type="stmt"/>
        <line num="17" count="7" type="stmt"/>
        <line num="22" count="2" type="stmt"/>
        <line num="27" count="3" type="stmt"/>
        <line num="32" count="3" type="stmt"/>
        <line num="36" count="6" type="stmt"/>
      </file>
      <file name="Stack.ts" path="C:\Users\adnen\OneDrive\Desktop\2024\Typescript-projects\Typescript-TDD\src\modules\utils\Stack.ts">
        <metrics statements="7" coveredstatements="7" conditionals="0" coveredconditionals="0" methods="6" coveredmethods="6"/>
        <line num="7" count="4" type="stmt"/>
        <line num="16" count="9" type="stmt"/>
        <line num="27" count="7" type="stmt"/>
        <line num="36" count="2" type="stmt"/>
        <line num="45" count="3" type="stmt"/>
        <line num="53" count="3" type="stmt"/>
        <line num="57" count="6" type="stmt"/>
      </file>
      <file name="String.ts" path="C:\Users\adnen\OneDrive\Desktop\2024\Typescript-projects\Typescript-TDD\src\modules\utils\String.ts">
        <metrics statements="23" coveredstatements="21" conditionals="1" coveredconditionals="1" methods="18" coveredmethods="16"/>
        <line num="11" count="1" type="stmt"/>
        <line num="21" count="1" type="stmt"/>
        <line num="32" count="1" type="stmt"/>
        <line num="48" count="1" type="stmt"/>
        <line num="62" count="1" type="stmt"/>
        <line num="76" count="1" type="stmt"/>
        <line num="95" count="1" type="stmt"/>
        <line num="117" count="1" type="stmt"/>
        <line num="138" count="1" type="stmt"/>
        <line num="159" count="1" type="stmt"/>
        <line num="180" count="1" type="stmt"/>
        <line num="201" count="1" type="stmt"/>
        <line num="202" count="1" type="stmt"/>
        <line num="203" count="11" type="cond" truecount="1" falsecount="0"/>
        <line num="204" count="3" type="stmt"/>
        <line num="207" count="1" type="stmt"/>
        <line num="225" count="1" type="stmt"/>
        <line num="247" count="1" type="stmt"/>
        <line num="257" count="1" type="stmt"/>
        <line num="270" count="1" type="stmt"/>
        <line num="281" count="0" type="stmt"/>
        <line num="293" count="0" type="stmt"/>
        <line num="297" count="6" type="stmt"/>
      </file>
    </package>
  </project>
</coverage>
