{"C:\\Users\\adnen\\OneDrive\\Desktop\\2024\\Typescript-projects\\Typescript-TDD\\src\\modules\\index.ts": {"path":"C:\\Users\\adnen\\OneDrive\\Desktop\\2024\\Typescript-projects\\Typescript-TDD\\src\\modules\\index.ts","statementMap":{"0":{"start":{"line":1,"column":0},"end":{"line":1,"column":43}},"1":{"start":{"line":2,"column":0},"end":{"line":2,"column":41}},"2":{"start":{"line":3,"column":0},"end":{"line":3,"column":45}},"3":{"start":{"line":4,"column":0},"end":{"line":4,"column":45}},"4":{"start":{"line":5,"column":0},"end":{"line":5,"column":43}},"5":{"start":{"line":6,"column":0},"end":{"line":6,"column":43}},"6":{"start":{"line":11,"column":0},"end":{"line":11,"column":null}},"7":{"start":{"line":15,"column":15},"end":{"line":15,"column":32}},"8":{"start":{"line":16,"column":15},"end":{"line":16,"column":32}},"9":{"start":{"line":17,"column":15},"end":{"line":17,"column":33}},"10":{"start":{"line":18,"column":15},"end":{"line":18,"column":33}},"11":{"start":{"line":19,"column":15},"end":{"line":19,"column":25}},"12":{"start":{"line":20,"column":15},"end":{"line":20,"column":25}}},"fnMap":{"0":{"name":"(anonymous_0)","decl":{"start":{"line":11,"column":0},"end":{"line":11,"column":17}},"loc":{"start":{"line":11,"column":18},"end":{"line":21,"column":1}}}},"branchMap":{"0":{"loc":{"start":{"line":11,"column":17},"end":{"line":11,"column":null}},"type":"binary-expr","locations":[{"start":{"line":11,"column":17},"end":{"line":11,"column":18}},{"start":{"line":11,"column":18},"end":{"line":11,"column":null}}]}},"s":{"0":6,"1":6,"2":6,"3":6,"4":6,"5":6,"6":6,"7":6,"8":6,"9":6,"10":6,"11":6,"12":6},"f":{"0":6},"b":{"0":[6,6]}}
,"C:\\Users\\adnen\\OneDrive\\Desktop\\2024\\Typescript-projects\\Typescript-TDD\\src\\modules\\utils\\Array.ts": {"path":"C:\\Users\\adnen\\OneDrive\\Desktop\\2024\\Typescript-projects\\Typescript-TDD\\src\\modules\\utils\\Array.ts","statementMap":{"0":{"start":{"line":9,"column":4},"end":{"line":9,"column":28}},"1":{"start":{"line":13,"column":24},"end":{"line":13,"column":26}},"2":{"start":{"line":14,"column":4},"end":{"line":16,"column":5}},"3":{"start":{"line":15,"column":6},"end":{"line":15,"column":32}},"4":{"start":{"line":17,"column":4},"end":{"line":17,"column":18}},"5":{"start":{"line":32,"column":24},"end":{"line":32,"column":26}},"6":{"start":{"line":33,"column":4},"end":{"line":37,"column":5}},"7":{"start":{"line":34,"column":6},"end":{"line":36,"column":7}},"8":{"start":{"line":35,"column":8},"end":{"line":35,"column":26}},"9":{"start":{"line":38,"column":4},"end":{"line":38,"column":18}},"10":{"start":{"line":56,"column":43},"end":{"line":56,"column":45}},"11":{"start":{"line":57,"column":4},"end":{"line":63,"column":5}},"12":{"start":{"line":58,"column":18},"end":{"line":58,"column":29}},"13":{"start":{"line":59,"column":6},"end":{"line":61,"column":7}},"14":{"start":{"line":60,"column":8},"end":{"line":60,"column":25}},"15":{"start":{"line":62,"column":6},"end":{"line":62,"column":29}},"16":{"start":{"line":64,"column":4},"end":{"line":64,"column":18}},"17":{"start":{"line":68,"column":9},"end":{"line":68,"column":19}}},"fnMap":{"0":{"name":"(anonymous_0)","decl":{"start":{"line":8,"column":2},"end":{"line":8,"column":14}},"loc":{"start":{"line":8,"column":27},"end":{"line":10,"column":3}}},"1":{"name":"(anonymous_1)","decl":{"start":{"line":12,"column":2},"end":{"line":12,"column":8}},"loc":{"start":{"line":12,"column":51},"end":{"line":18,"column":3}}},"2":{"name":"(anonymous_2)","decl":{"start":{"line":31,"column":2},"end":{"line":31,"column":8}},"loc":{"start":{"line":31,"column":60},"end":{"line":39,"column":3}}},"3":{"name":"(anonymous_3)","decl":{"start":{"line":52,"column":2},"end":{"line":52,"column":8}},"loc":{"start":{"line":54,"column":30},"end":{"line":65,"column":3}}}},"branchMap":{"0":{"loc":{"start":{"line":34,"column":6},"end":{"line":36,"column":7}},"type":"if","locations":[{"start":{"line":34,"column":6},"end":{"line":36,"column":7}}]},"1":{"loc":{"start":{"line":59,"column":6},"end":{"line":61,"column":7}},"type":"if","locations":[{"start":{"line":59,"column":6},"end":{"line":61,"column":7}}]}},"s":{"0":0,"1":1,"2":1,"3":3,"4":1,"5":1,"6":1,"7":5,"8":2,"9":1,"10":1,"11":1,"12":3,"13":3,"14":2,"15":3,"16":1,"17":6},"f":{"0":0,"1":1,"2":1,"3":1},"b":{"0":[2],"1":[2]}}
,"C:\\Users\\adnen\\OneDrive\\Desktop\\2024\\Typescript-projects\\Typescript-TDD\\src\\modules\\utils\\Math.ts": {"path":"C:\\Users\\adnen\\OneDrive\\Desktop\\2024\\Typescript-projects\\Typescript-TDD\\src\\modules\\utils\\Math.ts","statementMap":{"0":{"start":{"line":1,"column":0},"end":{"line":1,"column":28}},"1":{"start":{"line":45,"column":4},"end":{"line":45,"column":23}},"2":{"start":{"line":55,"column":4},"end":{"line":55,"column":24}},"3":{"start":{"line":74,"column":4},"end":{"line":74,"column":36}},"4":{"start":{"line":87,"column":4},"end":{"line":87,"column":41}},"5":{"start":{"line":93,"column":9},"end":{"line":93,"column":18}},"6":{"start":{"line":28,"column":9},"end":{"line":36,"column":4}},"7":{"start":{"line":29,"column":4},"end":{"line":29,"column":47}},"8":{"start":{"line":29,"column":31},"end":{"line":29,"column":47}},"9":{"start":{"line":31,"column":18},"end":{"line":31,"column":41}},"10":{"start":{"line":32,"column":25},"end":{"line":32,"column":46}},"11":{"start":{"line":33,"column":25},"end":{"line":33,"column":72}},"12":{"start":{"line":35,"column":4},"end":{"line":35,"column":55}}},"fnMap":{"0":{"name":"(anonymous_1)","decl":{"start":{"line":44,"column":2},"end":{"line":44,"column":8}},"loc":{"start":{"line":44,"column":22},"end":{"line":46,"column":3}}},"1":{"name":"(anonymous_2)","decl":{"start":{"line":54,"column":2},"end":{"line":54,"column":8}},"loc":{"start":{"line":54,"column":23},"end":{"line":56,"column":3}}},"2":{"name":"(anonymous_3)","decl":{"start":{"line":73,"column":2},"end":{"line":73,"column":8}},"loc":{"start":{"line":73,"column":45},"end":{"line":75,"column":3}}},"3":{"name":"(anonymous_4)","decl":{"start":{"line":86,"column":2},"end":{"line":86,"column":8}},"loc":{"start":{"line":86,"column":44},"end":{"line":88,"column":3}}},"4":{"name":"(anonymous_5)","decl":{"start":{"line":28,"column":18},"end":{"line":28,"column":19}},"loc":{"start":{"line":28,"column":48},"end":{"line":36,"column":3}}}},"branchMap":{"0":{"loc":{"start":{"line":29,"column":4},"end":{"line":29,"column":47}},"type":"if","locations":[{"start":{"line":29,"column":4},"end":{"line":29,"column":47}}]}},"s":{"0":6,"1":0,"2":2,"3":2,"4":1,"5":6,"6":6,"7":2,"8":0,"9":2,"10":2,"11":2,"12":2},"f":{"0":0,"1":2,"2":2,"3":1,"4":2},"b":{"0":[0]}}
,"C:\\Users\\adnen\\OneDrive\\Desktop\\2024\\Typescript-projects\\Typescript-TDD\\src\\modules\\utils\\Object.ts": {"path":"C:\\Users\\adnen\\OneDrive\\Desktop\\2024\\Typescript-projects\\Typescript-TDD\\src\\modules\\utils\\Object.ts","statementMap":{"0":{"start":{"line":13,"column":4},"end":{"line":13,"column":43}},"1":{"start":{"line":25,"column":4},"end":{"line":25,"column":41}},"2":{"start":{"line":35,"column":4},"end":{"line":35,"column":41}},"3":{"start":{"line":49,"column":4},"end":{"line":49,"column":37}},"4":{"start":{"line":62,"column":4},"end":{"line":62,"column":58}},"5":{"start":{"line":68,"column":9},"end":{"line":68,"column":20}}},"fnMap":{"0":{"name":"(anonymous_0)","decl":{"start":{"line":12,"column":2},"end":{"line":12,"column":8}},"loc":{"start":{"line":12,"column":27},"end":{"line":14,"column":3}}},"1":{"name":"(anonymous_1)","decl":{"start":{"line":24,"column":2},"end":{"line":24,"column":8}},"loc":{"start":{"line":24,"column":48},"end":{"line":26,"column":3}}},"2":{"name":"(anonymous_2)","decl":{"start":{"line":34,"column":2},"end":{"line":34,"column":8}},"loc":{"start":{"line":34,"column":41},"end":{"line":36,"column":3}}},"3":{"name":"(anonymous_3)","decl":{"start":{"line":48,"column":2},"end":{"line":48,"column":8}},"loc":{"start":{"line":48,"column":44},"end":{"line":50,"column":3}}},"4":{"name":"(anonymous_4)","decl":{"start":{"line":61,"column":2},"end":{"line":61,"column":8}},"loc":{"start":{"line":61,"column":61},"end":{"line":63,"column":3}}}},"branchMap":{},"s":{"0":1,"1":1,"2":4,"3":2,"4":2,"5":6},"f":{"0":1,"1":1,"2":4,"3":2,"4":2},"b":{}}
,"C:\\Users\\adnen\\OneDrive\\Desktop\\2024\\Typescript-projects\\Typescript-TDD\\src\\modules\\utils\\Queue.ts": {"path":"C:\\Users\\adnen\\OneDrive\\Desktop\\2024\\Typescript-projects\\Typescript-TDD\\src\\modules\\utils\\Queue.ts","statementMap":{"0":{"start":{"line":7,"column":4},"end":{"line":7,"column":20}},"1":{"start":{"line":12,"column":4},"end":{"line":12,"column":26}},"2":{"start":{"line":17,"column":4},"end":{"line":17,"column":30}},"3":{"start":{"line":22,"column":4},"end":{"line":22,"column":25}},"4":{"start":{"line":27,"column":4},"end":{"line":27,"column":35}},"5":{"start":{"line":32,"column":4},"end":{"line":32,"column":29}},"6":{"start":{"line":36,"column":9},"end":{"line":36,"column":14}}},"fnMap":{"0":{"name":"(anonymous_0)","decl":{"start":{"line":6,"column":2},"end":{"line":6,"column":null}},"loc":{"start":{"line":6,"column":2},"end":{"line":8,"column":3}}},"1":{"name":"(anonymous_1)","decl":{"start":{"line":11,"column":2},"end":{"line":11,"column":9}},"loc":{"start":{"line":11,"column":17},"end":{"line":13,"column":3}}},"2":{"name":"(anonymous_2)","decl":{"start":{"line":16,"column":2},"end":{"line":16,"column":9}},"loc":{"start":{"line":16,"column":9},"end":{"line":18,"column":3}}},"3":{"name":"(anonymous_3)","decl":{"start":{"line":21,"column":2},"end":{"line":21,"column":6}},"loc":{"start":{"line":21,"column":6},"end":{"line":23,"column":3}}},"4":{"name":"(anonymous_4)","decl":{"start":{"line":26,"column":2},"end":{"line":26,"column":9}},"loc":{"start":{"line":26,"column":9},"end":{"line":28,"column":3}}},"5":{"name":"(anonymous_5)","decl":{"start":{"line":31,"column":2},"end":{"line":31,"column":6}},"loc":{"start":{"line":31,"column":6},"end":{"line":33,"column":3}}}},"branchMap":{},"s":{"0":4,"1":9,"2":7,"3":2,"4":3,"5":3,"6":6},"f":{"0":4,"1":9,"2":7,"3":2,"4":3,"5":3},"b":{}}
,"C:\\Users\\adnen\\OneDrive\\Desktop\\2024\\Typescript-projects\\Typescript-TDD\\src\\modules\\utils\\Stack.ts": {"path":"C:\\Users\\adnen\\OneDrive\\Desktop\\2024\\Typescript-projects\\Typescript-TDD\\src\\modules\\utils\\Stack.ts","statementMap":{"0":{"start":{"line":7,"column":4},"end":{"line":7,"column":20}},"1":{"start":{"line":16,"column":4},"end":{"line":16,"column":26}},"2":{"start":{"line":27,"column":4},"end":{"line":27,"column":28}},"3":{"start":{"line":36,"column":4},"end":{"line":36,"column":45}},"4":{"start":{"line":45,"column":4},"end":{"line":45,"column":35}},"5":{"start":{"line":53,"column":4},"end":{"line":53,"column":29}},"6":{"start":{"line":57,"column":9},"end":{"line":57,"column":14}}},"fnMap":{"0":{"name":"(anonymous_0)","decl":{"start":{"line":6,"column":2},"end":{"line":6,"column":null}},"loc":{"start":{"line":6,"column":2},"end":{"line":8,"column":3}}},"1":{"name":"(anonymous_1)","decl":{"start":{"line":15,"column":2},"end":{"line":15,"column":6}},"loc":{"start":{"line":15,"column":14},"end":{"line":17,"column":3}}},"2":{"name":"(anonymous_2)","decl":{"start":{"line":26,"column":2},"end":{"line":26,"column":5}},"loc":{"start":{"line":26,"column":5},"end":{"line":28,"column":3}}},"3":{"name":"(anonymous_3)","decl":{"start":{"line":35,"column":2},"end":{"line":35,"column":6}},"loc":{"start":{"line":35,"column":6},"end":{"line":37,"column":3}}},"4":{"name":"(anonymous_4)","decl":{"start":{"line":44,"column":2},"end":{"line":44,"column":9}},"loc":{"start":{"line":44,"column":9},"end":{"line":46,"column":3}}},"5":{"name":"(anonymous_5)","decl":{"start":{"line":52,"column":2},"end":{"line":52,"column":6}},"loc":{"start":{"line":52,"column":6},"end":{"line":54,"column":3}}}},"branchMap":{},"s":{"0":4,"1":9,"2":7,"3":2,"4":3,"5":3,"6":6},"f":{"0":4,"1":9,"2":7,"3":2,"4":3,"5":3},"b":{}}
,"C:\\Users\\adnen\\OneDrive\\Desktop\\2024\\Typescript-projects\\Typescript-TDD\\src\\modules\\utils\\String.ts": {"path":"C:\\Users\\adnen\\OneDrive\\Desktop\\2024\\Typescript-projects\\Typescript-TDD\\src\\modules\\utils\\String.ts","statementMap":{"0":{"start":{"line":11,"column":4},"end":{"line":11,"column":17}},"1":{"start":{"line":21,"column":4},"end":{"line":21,"column":29}},"2":{"start":{"line":32,"column":4},"end":{"line":32,"column":29}},"3":{"start":{"line":48,"column":4},"end":{"line":48,"column":37}},"4":{"start":{"line":62,"column":4},"end":{"line":62,"column":29}},"5":{"start":{"line":76,"column":4},"end":{"line":76,"column":33}},"6":{"start":{"line":95,"column":4},"end":{"line":95,"column":47}},"7":{"start":{"line":117,"column":4},"end":{"line":117,"column":51}},"8":{"start":{"line":138,"column":4},"end":{"line":138,"column":47}},"9":{"start":{"line":159,"column":4},"end":{"line":159,"column":49}},"10":{"start":{"line":180,"column":4},"end":{"line":180,"column":47}},"11":{"start":{"line":201,"column":17},"end":{"line":201,"column":30}},"12":{"start":{"line":202,"column":4},"end":{"line":206,"column":5}},"13":{"start":{"line":202,"column":17},"end":{"line":202,"column":18}},"14":{"start":{"line":203,"column":6},"end":{"line":205,"column":7}},"15":{"start":{"line":204,"column":8},"end":{"line":204,"column":33}},"16":{"start":{"line":207,"column":4},"end":{"line":207,"column":27}},"17":{"start":{"line":225,"column":4},"end":{"line":225,"column":33}},"18":{"start":{"line":247,"column":4},"end":{"line":247,"column":39}},"19":{"start":{"line":257,"column":4},"end":{"line":257,"column":22}},"20":{"start":{"line":270,"column":4},"end":{"line":270,"column":29}},"21":{"start":{"line":281,"column":4},"end":{"line":281,"column":54}},"22":{"start":{"line":293,"column":4},"end":{"line":293,"column":44}},"23":{"start":{"line":297,"column":9},"end":{"line":297,"column":20}}},"fnMap":{"0":{"name":"(anonymous_0)","decl":{"start":{"line":10,"column":2},"end":{"line":10,"column":8}},"loc":{"start":{"line":10,"column":41},"end":{"line":12,"column":3}}},"1":{"name":"(anonymous_1)","decl":{"start":{"line":20,"column":2},"end":{"line":20,"column":8}},"loc":{"start":{"line":20,"column":32},"end":{"line":22,"column":3}}},"2":{"name":"(anonymous_2)","decl":{"start":{"line":31,"column":2},"end":{"line":31,"column":8}},"loc":{"start":{"line":31,"column":32},"end":{"line":33,"column":3}}},"3":{"name":"(anonymous_3)","decl":{"start":{"line":47,"column":2},"end":{"line":47,"column":8}},"loc":{"start":{"line":47,"column":59},"end":{"line":49,"column":3}}},"4":{"name":"(anonymous_4)","decl":{"start":{"line":61,"column":2},"end":{"line":61,"column":8}},"loc":{"start":{"line":61,"column":42},"end":{"line":63,"column":3}}},"5":{"name":"(anonymous_5)","decl":{"start":{"line":75,"column":2},"end":{"line":75,"column":8}},"loc":{"start":{"line":75,"column":46},"end":{"line":77,"column":3}}},"6":{"name":"(anonymous_6)","decl":{"start":{"line":94,"column":2},"end":{"line":94,"column":8}},"loc":{"start":{"line":94,"column":69},"end":{"line":96,"column":3}}},"7":{"name":"(anonymous_7)","decl":{"start":{"line":112,"column":2},"end":{"line":112,"column":8}},"loc":{"start":{"line":115,"column":22},"end":{"line":118,"column":3}}},"8":{"name":"(anonymous_8)","decl":{"start":{"line":133,"column":2},"end":{"line":133,"column":8}},"loc":{"start":{"line":136,"column":21},"end":{"line":139,"column":3}}},"9":{"name":"(anonymous_9)","decl":{"start":{"line":154,"column":2},"end":{"line":154,"column":8}},"loc":{"start":{"line":157,"column":21},"end":{"line":160,"column":3}}},"10":{"name":"(anonymous_10)","decl":{"start":{"line":175,"column":2},"end":{"line":175,"column":8}},"loc":{"start":{"line":178,"column":21},"end":{"line":181,"column":3}}},"11":{"name":"(anonymous_11)","decl":{"start":{"line":196,"column":2},"end":{"line":196,"column":8}},"loc":{"start":{"line":199,"column":24},"end":{"line":208,"column":3}}},"12":{"name":"(anonymous_12)","decl":{"start":{"line":224,"column":2},"end":{"line":224,"column":8}},"loc":{"start":{"line":224,"column":55},"end":{"line":226,"column":3}}},"13":{"name":"(anonymous_13)","decl":{"start":{"line":242,"column":2},"end":{"line":242,"column":8}},"loc":{"start":{"line":245,"column":18},"end":{"line":248,"column":3}}},"14":{"name":"(anonymous_14)","decl":{"start":{"line":256,"column":2},"end":{"line":256,"column":8}},"loc":{"start":{"line":256,"column":25},"end":{"line":258,"column":3}}},"15":{"name":"(anonymous_15)","decl":{"start":{"line":269,"column":2},"end":{"line":269,"column":8}},"loc":{"start":{"line":269,"column":42},"end":{"line":271,"column":3}}},"16":{"name":"(anonymous_16)","decl":{"start":{"line":280,"column":2},"end":{"line":280,"column":8}},"loc":{"start":{"line":280,"column":31},"end":{"line":282,"column":3}}},"17":{"name":"(anonymous_17)","decl":{"start":{"line":292,"column":2},"end":{"line":292,"column":8}},"loc":{"start":{"line":292,"column":28},"end":{"line":294,"column":3}}}},"branchMap":{"0":{"loc":{"start":{"line":203,"column":6},"end":{"line":205,"column":7}},"type":"if","locations":[{"start":{"line":203,"column":6},"end":{"line":205,"column":7}}]}},"s":{"0":1,"1":1,"2":1,"3":1,"4":1,"5":1,"6":1,"7":1,"8":1,"9":1,"10":1,"11":1,"12":1,"13":1,"14":11,"15":3,"16":1,"17":1,"18":1,"19":1,"20":1,"21":0,"22":0,"23":6},"f":{"0":1,"1":1,"2":1,"3":1,"4":1,"5":1,"6":1,"7":1,"8":1,"9":1,"10":1,"11":1,"12":1,"13":1,"14":1,"15":1,"16":0,"17":0},"b":{"0":[3]}}
}
