{
  "C:\\Users\\adnen\\OneDrive\\Desktop\\2024\\Typescript-projects\\Typescript-TDD\\utils.ts": {
    "path": "C:\\Users\\adnen\\OneDrive\\Desktop\\2024\\Typescript-projects\\Typescript-TDD\\utils.ts",
    "statementMap": {
      "0": {
        "start": { "line": 5, "column": 25 },
        "end": { "line": 8, "column": 1 }
      },
      "1": {
        "start": { "line": 6, "column": 2 },
        "end": { "line": 6, "column": 30 }
      },
      "2": {
        "start": { "line": 6, "column": 19 },
        "end": { "line": 6, "column": 30 }
      },
      "3": {
        "start": { "line": 7, "column": 2 },
        "end": { "line": 7, "column": 59 }
      },
      "4": {
        "start": { "line": 5, "column": 13 },
        "end": { "line": 5, "column": 25 }
      }
    },
    "fnMap": {
      "0": {
        "name": "(anonymous_0)",
        "decl": {
          "start": { "line": 5, "column": 25 },
          "end": { "line": 5, "column": 26 }
        },
        "loc": {
          "start": { "line": 5, "column": 64 },
          "end": { "line": 8, "column": 1 }
        }
      }
    },
    "branchMap": {
      "0": {
        "loc": {
          "start": { "line": 6, "column": 2 },
          "end": { "line": 6, "column": 30 }
        },
        "type": "if",
        "locations": [
          {
            "start": { "line": 6, "column": 2 },
            "end": { "line": 6, "column": 30 }
          }
        ]
      }
    },
    "s": { "0": 1, "1": 2, "2": 0, "3": 2, "4": 1 },
    "f": { "0": 2 },
    "b": { "0": [0] }
  },
  "C:\\Users\\adnen\\OneDrive\\Desktop\\2024\\Typescript-projects\\Typescript-TDD\\src\\ArrayUtils.ts": {
    "path": "C:\\Users\\adnen\\OneDrive\\Desktop\\2024\\Typescript-projects\\Typescript-TDD\\src\\ArrayUtils.ts",
    "statementMap": {
      "0": {
        "start": { "line": 3, "column": 24 },
        "end": { "line": 3, "column": 26 }
      },
      "1": {
        "start": { "line": 4, "column": 4 },
        "end": { "line": 6, "column": 5 }
      },
      "2": {
        "start": { "line": 5, "column": 6 },
        "end": { "line": 5, "column": 32 }
      },
      "3": {
        "start": { "line": 7, "column": 4 },
        "end": { "line": 7, "column": 18 }
      },
      "4": {
        "start": { "line": 11, "column": 24 },
        "end": { "line": 11, "column": 26 }
      },
      "5": {
        "start": { "line": 12, "column": 4 },
        "end": { "line": 16, "column": 5 }
      },
      "6": {
        "start": { "line": 13, "column": 6 },
        "end": { "line": 15, "column": 7 }
      },
      "7": {
        "start": { "line": 14, "column": 8 },
        "end": { "line": 14, "column": 26 }
      },
      "8": {
        "start": { "line": 17, "column": 4 },
        "end": { "line": 17, "column": 18 }
      },
      "9": {
        "start": { "line": 24, "column": 43 },
        "end": { "line": 24, "column": 45 }
      },
      "10": {
        "start": { "line": 25, "column": 4 },
        "end": { "line": 31, "column": 5 }
      },
      "11": {
        "start": { "line": 26, "column": 18 },
        "end": { "line": 26, "column": 29 }
      },
      "12": {
        "start": { "line": 27, "column": 6 },
        "end": { "line": 29, "column": 7 }
      },
      "13": {
        "start": { "line": 28, "column": 8 },
        "end": { "line": 28, "column": 25 }
      },
      "14": {
        "start": { "line": 30, "column": 6 },
        "end": { "line": 30, "column": 29 }
      },
      "15": {
        "start": { "line": 32, "column": 4 },
        "end": { "line": 32, "column": 18 }
      },
      "16": {
        "start": { "line": 1, "column": 0 },
        "end": { "line": 1, "column": 13 }
      }
    },
    "fnMap": {
      "0": {
        "name": "(anonymous_0)",
        "decl": {
          "start": { "line": 2, "column": 2 },
          "end": { "line": 2, "column": 8 }
        },
        "loc": {
          "start": { "line": 2, "column": 51 },
          "end": { "line": 8, "column": 3 }
        }
      },
      "1": {
        "name": "(anonymous_1)",
        "decl": {
          "start": { "line": 10, "column": 2 },
          "end": { "line": 10, "column": 8 }
        },
        "loc": {
          "start": { "line": 10, "column": 60 },
          "end": { "line": 18, "column": 3 }
        }
      },
      "2": {
        "name": "(anonymous_2)",
        "decl": {
          "start": { "line": 20, "column": 2 },
          "end": { "line": 20, "column": 8 }
        },
        "loc": {
          "start": { "line": 22, "column": 30 },
          "end": { "line": 33, "column": 3 }
        }
      }
    },
    "branchMap": {
      "0": {
        "loc": {
          "start": { "line": 13, "column": 6 },
          "end": { "line": 15, "column": 7 }
        },
        "type": "if",
        "locations": [
          {
            "start": { "line": 13, "column": 6 },
            "end": { "line": 15, "column": 7 }
          }
        ]
      },
      "1": {
        "loc": {
          "start": { "line": 27, "column": 6 },
          "end": { "line": 29, "column": 7 }
        },
        "type": "if",
        "locations": [
          {
            "start": { "line": 27, "column": 6 },
            "end": { "line": 29, "column": 7 }
          }
        ]
      }
    },
    "s": {
      "0": 1,
      "1": 1,
      "2": 3,
      "3": 1,
      "4": 1,
      "5": 1,
      "6": 5,
      "7": 2,
      "8": 1,
      "9": 1,
      "10": 1,
      "11": 3,
      "12": 3,
      "13": 2,
      "14": 3,
      "15": 1,
      "16": 1
    },
    "f": { "0": 1, "1": 1, "2": 1 },
    "b": { "0": [2], "1": [2] }
  },
  "C:\\Users\\adnen\\OneDrive\\Desktop\\2024\\Typescript-projects\\Typescript-TDD\\src\\ObjectUtils.ts": {
    "path": "C:\\Users\\adnen\\OneDrive\\Desktop\\2024\\Typescript-projects\\Typescript-TDD\\src\\ObjectUtils.ts",
    "statementMap": {
      "0": {
        "start": { "line": 4, "column": 4 },
        "end": { "line": 4, "column": 43 }
      },
      "1": {
        "start": { "line": 8, "column": 4 },
        "end": { "line": 8, "column": 41 }
      },
      "2": {
        "start": { "line": 12, "column": 4 },
        "end": { "line": 12, "column": 41 }
      },
      "3": {
        "start": { "line": 16, "column": 4 },
        "end": { "line": 16, "column": 37 }
      },
      "4": {
        "start": { "line": 20, "column": 4 },
        "end": { "line": 20, "column": 58 }
      },
      "5": {
        "start": { "line": 2, "column": 0 },
        "end": { "line": 2, "column": 13 }
      }
    },
    "fnMap": {
      "0": {
        "name": "(anonymous_0)",
        "decl": {
          "start": { "line": 3, "column": 2 },
          "end": { "line": 3, "column": 8 }
        },
        "loc": {
          "start": { "line": 3, "column": 27 },
          "end": { "line": 5, "column": 3 }
        }
      },
      "1": {
        "name": "(anonymous_1)",
        "decl": {
          "start": { "line": 7, "column": 2 },
          "end": { "line": 7, "column": 8 }
        },
        "loc": {
          "start": { "line": 7, "column": 48 },
          "end": { "line": 9, "column": 3 }
        }
      },
      "2": {
        "name": "(anonymous_2)",
        "decl": {
          "start": { "line": 11, "column": 2 },
          "end": { "line": 11, "column": 8 }
        },
        "loc": {
          "start": { "line": 11, "column": 41 },
          "end": { "line": 13, "column": 3 }
        }
      },
      "3": {
        "name": "(anonymous_3)",
        "decl": {
          "start": { "line": 15, "column": 2 },
          "end": { "line": 15, "column": 8 }
        },
        "loc": {
          "start": { "line": 15, "column": 44 },
          "end": { "line": 17, "column": 3 }
        }
      },
      "4": {
        "name": "(anonymous_4)",
        "decl": {
          "start": { "line": 19, "column": 2 },
          "end": { "line": 19, "column": 8 }
        },
        "loc": {
          "start": { "line": 19, "column": 61 },
          "end": { "line": 21, "column": 3 }
        }
      }
    },
    "branchMap": {},
    "s": { "0": 1, "1": 1, "2": 4, "3": 2, "4": 2, "5": 1 },
    "f": { "0": 1, "1": 1, "2": 4, "3": 2, "4": 2 },
    "b": {}
  },
  "C:\\Users\\adnen\\OneDrive\\Desktop\\2024\\Typescript-projects\\Typescript-TDD\\src\\StringUtils.ts": {
    "path": "C:\\Users\\adnen\\OneDrive\\Desktop\\2024\\Typescript-projects\\Typescript-TDD\\src\\StringUtils.ts",
    "statementMap": {
      "0": {
        "start": { "line": 4, "column": 4 },
        "end": { "line": 4, "column": 17 }
      },
      "1": {
        "start": { "line": 7, "column": 4 },
        "end": { "line": 7, "column": 29 }
      },
      "2": {
        "start": { "line": 11, "column": 4 },
        "end": { "line": 11, "column": 29 }
      },
      "3": {
        "start": { "line": 15, "column": 4 },
        "end": { "line": 15, "column": 37 }
      },
      "4": {
        "start": { "line": 19, "column": 4 },
        "end": { "line": 19, "column": 29 }
      },
      "5": {
        "start": { "line": 23, "column": 4 },
        "end": { "line": 23, "column": 33 }
      },
      "6": {
        "start": { "line": 27, "column": 4 },
        "end": { "line": 27, "column": 47 }
      },
      "7": {
        "start": { "line": 35, "column": 4 },
        "end": { "line": 35, "column": 51 }
      },
      "8": {
        "start": { "line": 43, "column": 4 },
        "end": { "line": 43, "column": 47 }
      },
      "9": {
        "start": { "line": 51, "column": 4 },
        "end": { "line": 51, "column": 49 }
      },
      "10": {
        "start": { "line": 59, "column": 4 },
        "end": { "line": 59, "column": 47 }
      },
      "11": {
        "start": { "line": 67, "column": 17 },
        "end": { "line": 67, "column": 30 }
      },
      "12": {
        "start": { "line": 68, "column": 4 },
        "end": { "line": 72, "column": 5 }
      },
      "13": {
        "start": { "line": 68, "column": 17 },
        "end": { "line": 68, "column": 18 }
      },
      "14": {
        "start": { "line": 69, "column": 6 },
        "end": { "line": 71, "column": 7 }
      },
      "15": {
        "start": { "line": 70, "column": 8 },
        "end": { "line": 70, "column": 33 }
      },
      "16": {
        "start": { "line": 73, "column": 4 },
        "end": { "line": 73, "column": 27 }
      },
      "17": {
        "start": { "line": 77, "column": 4 },
        "end": { "line": 77, "column": 33 }
      },
      "18": {
        "start": { "line": 85, "column": 4 },
        "end": { "line": 85, "column": 39 }
      },
      "19": {
        "start": { "line": 89, "column": 4 },
        "end": { "line": 89, "column": 22 }
      },
      "20": {
        "start": { "line": 93, "column": 4 },
        "end": { "line": 93, "column": 29 }
      },
      "21": {
        "start": { "line": 97, "column": 4 },
        "end": { "line": 97, "column": 54 }
      },
      "22": {
        "start": { "line": 101, "column": 4 },
        "end": { "line": 101, "column": 44 }
      },
      "23": {
        "start": { "line": 2, "column": 0 },
        "end": { "line": 2, "column": 13 }
      }
    },
    "fnMap": {
      "0": {
        "name": "(anonymous_0)",
        "decl": {
          "start": { "line": 3, "column": 2 },
          "end": { "line": 3, "column": 8 }
        },
        "loc": {
          "start": { "line": 3, "column": 41 },
          "end": { "line": 5, "column": 3 }
        }
      },
      "1": {
        "name": "(anonymous_1)",
        "decl": {
          "start": { "line": 6, "column": 2 },
          "end": { "line": 6, "column": 8 }
        },
        "loc": {
          "start": { "line": 6, "column": 32 },
          "end": { "line": 8, "column": 3 }
        }
      },
      "2": {
        "name": "(anonymous_2)",
        "decl": {
          "start": { "line": 10, "column": 2 },
          "end": { "line": 10, "column": 8 }
        },
        "loc": {
          "start": { "line": 10, "column": 32 },
          "end": { "line": 12, "column": 3 }
        }
      },
      "3": {
        "name": "(anonymous_3)",
        "decl": {
          "start": { "line": 14, "column": 2 },
          "end": { "line": 14, "column": 8 }
        },
        "loc": {
          "start": { "line": 14, "column": 59 },
          "end": { "line": 16, "column": 3 }
        }
      },
      "4": {
        "name": "(anonymous_4)",
        "decl": {
          "start": { "line": 18, "column": 2 },
          "end": { "line": 18, "column": 8 }
        },
        "loc": {
          "start": { "line": 18, "column": 42 },
          "end": { "line": 20, "column": 3 }
        }
      },
      "5": {
        "name": "(anonymous_5)",
        "decl": {
          "start": { "line": 22, "column": 2 },
          "end": { "line": 22, "column": 8 }
        },
        "loc": {
          "start": { "line": 22, "column": 46 },
          "end": { "line": 24, "column": 3 }
        }
      },
      "6": {
        "name": "(anonymous_6)",
        "decl": {
          "start": { "line": 26, "column": 2 },
          "end": { "line": 26, "column": 8 }
        },
        "loc": {
          "start": { "line": 26, "column": 69 },
          "end": { "line": 28, "column": 3 }
        }
      },
      "7": {
        "name": "(anonymous_7)",
        "decl": {
          "start": { "line": 30, "column": 2 },
          "end": { "line": 30, "column": 8 }
        },
        "loc": {
          "start": { "line": 33, "column": 22 },
          "end": { "line": 36, "column": 3 }
        }
      },
      "8": {
        "name": "(anonymous_8)",
        "decl": {
          "start": { "line": 38, "column": 2 },
          "end": { "line": 38, "column": 8 }
        },
        "loc": {
          "start": { "line": 41, "column": 21 },
          "end": { "line": 44, "column": 3 }
        }
      },
      "9": {
        "name": "(anonymous_9)",
        "decl": {
          "start": { "line": 46, "column": 2 },
          "end": { "line": 46, "column": 8 }
        },
        "loc": {
          "start": { "line": 49, "column": 21 },
          "end": { "line": 52, "column": 3 }
        }
      },
      "10": {
        "name": "(anonymous_10)",
        "decl": {
          "start": { "line": 54, "column": 2 },
          "end": { "line": 54, "column": 8 }
        },
        "loc": {
          "start": { "line": 57, "column": 21 },
          "end": { "line": 60, "column": 3 }
        }
      },
      "11": {
        "name": "(anonymous_11)",
        "decl": {
          "start": { "line": 62, "column": 2 },
          "end": { "line": 62, "column": 8 }
        },
        "loc": {
          "start": { "line": 65, "column": 24 },
          "end": { "line": 74, "column": 3 }
        }
      },
      "12": {
        "name": "(anonymous_12)",
        "decl": {
          "start": { "line": 76, "column": 2 },
          "end": { "line": 76, "column": 8 }
        },
        "loc": {
          "start": { "line": 76, "column": 55 },
          "end": { "line": 78, "column": 3 }
        }
      },
      "13": {
        "name": "(anonymous_13)",
        "decl": {
          "start": { "line": 80, "column": 2 },
          "end": { "line": 80, "column": 8 }
        },
        "loc": {
          "start": { "line": 83, "column": 18 },
          "end": { "line": 86, "column": 3 }
        }
      },
      "14": {
        "name": "(anonymous_14)",
        "decl": {
          "start": { "line": 88, "column": 2 },
          "end": { "line": 88, "column": 8 }
        },
        "loc": {
          "start": { "line": 88, "column": 25 },
          "end": { "line": 90, "column": 3 }
        }
      },
      "15": {
        "name": "(anonymous_15)",
        "decl": {
          "start": { "line": 92, "column": 2 },
          "end": { "line": 92, "column": 8 }
        },
        "loc": {
          "start": { "line": 92, "column": 42 },
          "end": { "line": 94, "column": 3 }
        }
      },
      "16": {
        "name": "(anonymous_16)",
        "decl": {
          "start": { "line": 96, "column": 2 },
          "end": { "line": 96, "column": 8 }
        },
        "loc": {
          "start": { "line": 96, "column": 31 },
          "end": { "line": 98, "column": 3 }
        }
      },
      "17": {
        "name": "(anonymous_17)",
        "decl": {
          "start": { "line": 100, "column": 2 },
          "end": { "line": 100, "column": 8 }
        },
        "loc": {
          "start": { "line": 100, "column": 28 },
          "end": { "line": 102, "column": 3 }
        }
      }
    },
    "branchMap": {
      "0": {
        "loc": {
          "start": { "line": 69, "column": 6 },
          "end": { "line": 71, "column": 7 }
        },
        "type": "if",
        "locations": [
          {
            "start": { "line": 69, "column": 6 },
            "end": { "line": 71, "column": 7 }
          }
        ]
      }
    },
    "s": {
      "0": 1,
      "1": 1,
      "2": 1,
      "3": 1,
      "4": 1,
      "5": 1,
      "6": 1,
      "7": 1,
      "8": 1,
      "9": 1,
      "10": 1,
      "11": 1,
      "12": 1,
      "13": 1,
      "14": 11,
      "15": 3,
      "16": 1,
      "17": 1,
      "18": 1,
      "19": 1,
      "20": 1,
      "21": 0,
      "22": 0,
      "23": 1
    },
    "f": {
      "0": 1,
      "1": 1,
      "2": 1,
      "3": 1,
      "4": 1,
      "5": 1,
      "6": 1,
      "7": 1,
      "8": 1,
      "9": 1,
      "10": 1,
      "11": 1,
      "12": 1,
      "13": 1,
      "14": 1,
      "15": 1,
      "16": 0,
      "17": 0
    },
    "b": { "0": [3] }
  }
}
