TN:
SF:src\modules\index.ts
FN:11,(anonymous_0)
FNF:1
FNH:1
FNDA:6,(anonymous_0)
DA:1,6
DA:2,6
DA:3,6
DA:4,6
DA:5,6
DA:6,6
DA:11,6
DA:15,6
DA:16,6
DA:17,6
DA:18,6
DA:19,6
DA:20,6
LF:13
LH:13
BRDA:11,0,0,6
BRDA:11,0,1,6
BRF:2
BRH:2
end_of_record
TN:
SF:src\modules\utils\Array.ts
FN:8,(anonymous_0)
FN:15,(anonymous_1)
FN:19,(anonymous_2)
FN:22,(anonymous_3)
FN:41,(anonymous_4)
FN:62,(anonymous_5)
FNF:6
FNH:6
FNDA:1,(anonymous_0)
FNDA:1,(anonymous_1)
FNDA:1,(anonymous_2)
FNDA:1,(anonymous_3)
FNDA:1,(anonymous_4)
FNDA:1,(anonymous_5)
DA:9,1
DA:16,1
DA:20,1
DA:23,1
DA:24,1
DA:25,3
DA:27,1
DA:42,1
DA:43,1
DA:44,5
DA:45,2
DA:48,1
DA:66,1
DA:67,1
DA:68,3
DA:69,3
DA:70,2
DA:72,3
DA:74,1
DA:78,6
LF:20
LH:20
BRDA:44,0,0,2
BRDA:69,1,0,2
BRF:2
BRH:2
end_of_record
TN:
SF:src\modules\utils\Math.ts
FN:47,(anonymous_1)
FN:60,(anonymous_2)
FN:82,(anonymous_3)
FN:98,(anonymous_4)
FN:28,(anonymous_5)
FNF:5
FNH:5
FNDA:1,(anonymous_1)
FNDA:2,(anonymous_2)
FNDA:2,(anonymous_3)
FNDA:1,(anonymous_4)
FNDA:4,(anonymous_5)
DA:1,6
DA:28,6
DA:29,4
DA:31,2
DA:32,2
DA:33,2
DA:35,2
DA:48,1
DA:61,2
DA:83,2
DA:99,1
DA:105,6
LF:12
LH:12
BRDA:29,0,0,2
BRF:1
BRH:1
end_of_record
TN:
SF:src\modules\utils\Object.ts
FN:12,(anonymous_0)
FN:24,(anonymous_1)
FN:34,(anonymous_2)
FN:48,(anonymous_3)
FN:61,(anonymous_4)
FNF:5
FNH:5
FNDA:1,(anonymous_0)
FNDA:1,(anonymous_1)
FNDA:4,(anonymous_2)
FNDA:2,(anonymous_3)
FNDA:2,(anonymous_4)
DA:13,1
DA:25,1
DA:35,4
DA:49,2
DA:62,2
DA:68,6
LF:6
LH:6
BRF:0
BRH:0
end_of_record
TN:
SF:src\modules\utils\Queue.ts
FN:6,(anonymous_0)
FN:11,(anonymous_1)
FN:16,(anonymous_2)
FN:21,(anonymous_3)
FN:26,(anonymous_4)
FN:31,(anonymous_5)
FNF:6
FNH:6
FNDA:4,(anonymous_0)
FNDA:9,(anonymous_1)
FNDA:7,(anonymous_2)
FNDA:2,(anonymous_3)
FNDA:3,(anonymous_4)
FNDA:3,(anonymous_5)
DA:7,4
DA:12,9
DA:17,7
DA:22,2
DA:27,3
DA:32,3
DA:36,6
LF:7
LH:7
BRF:0
BRH:0
end_of_record
TN:
SF:src\modules\utils\Stack.ts
FN:6,(anonymous_0)
FN:15,(anonymous_1)
FN:26,(anonymous_2)
FN:35,(anonymous_3)
FN:44,(anonymous_4)
FN:52,(anonymous_5)
FNF:6
FNH:6
FNDA:4,(anonymous_0)
FNDA:9,(anonymous_1)
FNDA:7,(anonymous_2)
FNDA:2,(anonymous_3)
FNDA:3,(anonymous_4)
FNDA:3,(anonymous_5)
DA:7,4
DA:16,9
DA:27,7
DA:36,2
DA:45,3
DA:53,3
DA:57,6
LF:7
LH:7
BRF:0
BRH:0
end_of_record
TN:
SF:src\modules\utils\String.ts
FN:10,(anonymous_0)
FN:20,(anonymous_1)
FN:31,(anonymous_2)
FN:47,(anonymous_3)
FN:61,(anonymous_4)
FN:75,(anonymous_5)
FN:94,(anonymous_6)
FN:112,(anonymous_7)
FN:133,(anonymous_8)
FN:154,(anonymous_9)
FN:175,(anonymous_10)
FN:196,(anonymous_11)
FN:224,(anonymous_12)
FN:242,(anonymous_13)
FN:256,(anonymous_14)
FN:269,(anonymous_15)
FN:280,(anonymous_16)
FN:292,(anonymous_17)
FNF:18
FNH:18
FNDA:1,(anonymous_0)
FNDA:1,(anonymous_1)
FNDA:1,(anonymous_2)
FNDA:1,(anonymous_3)
FNDA:1,(anonymous_4)
FNDA:1,(anonymous_5)
FNDA:1,(anonymous_6)
FNDA:1,(anonymous_7)
FNDA:1,(anonymous_8)
FNDA:1,(anonymous_9)
FNDA:1,(anonymous_10)
FNDA:1,(anonymous_11)
FNDA:1,(anonymous_12)
FNDA:1,(anonymous_13)
FNDA:1,(anonymous_14)
FNDA:1,(anonymous_15)
FNDA:1,(anonymous_16)
FNDA:1,(anonymous_17)
DA:11,1
DA:21,1
DA:32,1
DA:48,1
DA:62,1
DA:76,1
DA:95,1
DA:117,1
DA:138,1
DA:159,1
DA:180,1
DA:201,1
DA:202,1
DA:203,11
DA:204,3
DA:207,1
DA:225,1
DA:247,1
DA:257,1
DA:270,1
DA:281,1
DA:293,1
DA:297,6
LF:23
LH:23
BRDA:203,0,0,3
BRF:1
BRH:1
end_of_record
